<?xml version="1.0" encoding="UTF-8"?>
<robot generator="Robot 7.3.2 (Python 3.13.9 on win32)" generated="2025-11-17T15:39:11.641449" rpa="false" schemaversion="5">
<suite id="s1" name="Tests" source="C:\Users\allve\webcounter\src\tests">
<suite id="s1-s1" name="Increment" source="C:\Users\allve\webcounter\src\tests\increment.robot">
<kw name="Open And Configure Browser" owner="resource" type="SETUP">
<kw name="Set Selenium Speed" owner="SeleniumLibrary">
<arg>${DELAY}</arg>
<doc>Sets the delay that is waited after each Selenium command.</doc>
<status status="PASS" start="2025-11-17T15:39:13.106766" elapsed="0.000231"/>
</kw>
<kw name="Open Browser" owner="SeleniumLibrary">
<msg time="2025-11-17T15:39:13.107308" level="INFO">Opening browser 'chrome' to base url 'None'.</msg>
<arg>browser=${BROWSER}</arg>
<doc>Opens a new browser instance to the optional ``url``.</doc>
<status status="PASS" start="2025-11-17T15:39:13.107137" elapsed="1.141261"/>
</kw>
<status status="PASS" start="2025-11-17T15:39:13.106179" elapsed="1.142354"/>
</kw>
<test id="s1-s1-t1" name="At start the counter is zero" line="7">
<kw name="Go To" owner="SeleniumLibrary">
<msg time="2025-11-17T15:39:14.249251" level="INFO">Opening url 'http://localhost:5001'</msg>
<arg>${HOME_URL}</arg>
<doc>Navigates the current browser window to the provided ``url``.</doc>
<status status="PASS" start="2025-11-17T15:39:14.249089" elapsed="0.684749"/>
</kw>
<kw name="Title Should Be" owner="SeleniumLibrary">
<msg time="2025-11-17T15:39:16.042888" level="INFO" html="true">&lt;/td&gt;&lt;/tr&gt;&lt;tr&gt;&lt;td colspan="3"&gt;&lt;a href="selenium-screenshot-3.png"&gt;&lt;img src="selenium-screenshot-3.png" width="800px"&gt;&lt;/a&gt;</msg>
<msg time="2025-11-17T15:39:16.043070" level="FAIL">Title should have been 'Laskuri' but was 'gt3 - gt3'.</msg>
<arg>Laskuri</arg>
<doc>Verifies that the current page title equals ``title``.</doc>
<status status="FAIL" start="2025-11-17T15:39:14.934269" elapsed="1.110440">Title should have been 'Laskuri' but was 'gt3 - gt3'.</status>
</kw>
<kw name="Page Should Contain" owner="SeleniumLibrary">
<arg>nappia painettu 0 kertaa</arg>
<doc>Verifies that current page contains ``text``.</doc>
<status status="NOT RUN" start="2025-11-17T15:39:16.045004" elapsed="0.000035"/>
</kw>
<status status="FAIL" start="2025-11-17T15:39:14.248617" elapsed="1.796701">Title should have been 'Laskuri' but was 'gt3 - gt3'.</status>
</test>
<test id="s1-s1-t2" name="When button pressed twice the counter is two" line="12">
<kw name="Go To" owner="SeleniumLibrary">
<msg time="2025-11-17T15:39:16.046232" level="INFO">Opening url 'http://localhost:5001'</msg>
<arg>${HOME_URL}</arg>
<doc>Navigates the current browser window to the provided ``url``.</doc>
<status status="PASS" start="2025-11-17T15:39:16.046095" elapsed="0.605662"/>
</kw>
<kw name="Click Button" owner="SeleniumLibrary">
<msg time="2025-11-17T15:39:16.652605" level="INFO">Clicking button 'Paina'.</msg>
<msg time="2025-11-17T15:39:18.756360" level="INFO" html="true">&lt;/td&gt;&lt;/tr&gt;&lt;tr&gt;&lt;td colspan="3"&gt;&lt;a href="selenium-screenshot-4.png"&gt;&lt;img src="selenium-screenshot-4.png" width="800px"&gt;&lt;/a&gt;</msg>
<msg time="2025-11-17T15:39:18.756518" level="FAIL">Button with locator 'Paina' not found.</msg>
<arg>Paina</arg>
<doc>Clicks the button identified by ``locator``.</doc>
<status status="FAIL" start="2025-11-17T15:39:16.652120" elapsed="2.106245">Button with locator 'Paina' not found.</status>
</kw>
<kw name="Click Button" owner="SeleniumLibrary">
<arg>Paina</arg>
<doc>Clicks the button identified by ``locator``.</doc>
<status status="NOT RUN" start="2025-11-17T15:39:18.758741" elapsed="0.000041"/>
</kw>
<kw name="Page Should Contain" owner="SeleniumLibrary">
<arg>nappia painettu 2 kertaa</arg>
<doc>Verifies that current page contains ``text``.</doc>
<status status="NOT RUN" start="2025-11-17T15:39:18.758956" elapsed="0.000035"/>
</kw>
<status status="FAIL" start="2025-11-17T15:39:16.045793" elapsed="2.713488">Button with locator 'Paina' not found.</status>
</test>
<kw name="Close Browser" owner="SeleniumLibrary" type="TEARDOWN">
<doc>Closes the current browser.</doc>
<status status="PASS" start="2025-11-17T15:39:18.760067" elapsed="2.571690"/>
</kw>
<status status="FAIL" start="2025-11-17T15:39:11.733145" elapsed="9.598709"/>
</suite>
<status status="FAIL" start="2025-11-17T15:39:11.642908" elapsed="9.689937"/>
</suite>
<statistics>
<total>
<stat pass="0" fail="2" skip="0">All Tests</stat>
</total>
<tag>
</tag>
<suite>
<stat name="Tests" id="s1" pass="0" fail="2" skip="0">Tests</stat>
<stat name="Increment" id="s1-s1" pass="0" fail="2" skip="0">Tests.Increment</stat>
</suite>
</statistics>
<errors>
</errors>
</robot>
